<?xml version="1.0" encoding="UTF-8" ?>
<restaurant>
	<name>Peperone</name>
	<baseUrl>http://peperone.pl/</baseUrl>
	<menuPages>
		<menuPage>
			<pageName>calzone</pageName>
			<urlSuffix>calzone-menu</urlSuffix>
			<xPathExpression>//table[@class='contentpaneopen']//span//node()</xPathExpression> 
			<parserRegexpResource>peperone/generic.regex</parserRegexpResource>
			<velocityTemplateResource>peperone/generic.vm</velocityTemplateResource>
			<pageDisabled>false</pageDisabled>
		</menuPage>
	</menuPages>
</restaurant>